# JRE version: OpenJDK Runtime Environment Temurin-21.0.7+6 (21.0.7+6) (build 21.0.7+6-LTS)
# Java VM: OpenJDK 64-Bit Server VM Temurin-21.0.7+6 (21.0.7+6-LTS, mixed mode, sharing, tiered, compressed oops, compressed class ptrs, parallel gc, windows-amd64)
GC Precious Log:
 CardTable entry size: 512
 CPUs: 16 total, 16 available
 Memory: 16088M
 Large Page Support: Disabled
 NUMA Support: Disabled
 Compressed Oops: Enabled (32-bit)
 Alignments: Space 512K, Generation 512K, Heap 2M
 Heap Min Capacity: 100M
 Heap Initial Capacity: 100M
 Heap Max Capacity: 1G
 Pre-touch: Disabled
 Parallel Workers: 13
Heap:
 PSYoungGen      total 2560K, used 1024K [0x00000000eab00000, 0x00000000eae80000, 0x0000000100000000)
  eden space 1536K, 0% used [0x00000000eab00000,0x00000000eab00000,0x00000000eac80000)
  from space 1024K, 100% used [0x00000000ead80000,0x00000000eae80000,0x00000000eae80000)
  to   space 1024K, 0% used [0x00000000eac80000,0x00000000eac80000,0x00000000ead80000)
 ParOldGen       total 536576K, used 536486K [0x00000000c0000000, 0x00000000e0c00000, 0x00000000eab00000)
  object space 536576K, 99% used [0x00000000c0000000,0x00000000e0be9880,0x00000000e0c00000)
 Metaspace       used 86769K, committed 88576K, reserved 1179648K
  class space    used 9845K, committed 10624K, reserved 1048576K
GC Heap History (20 events):
Event: 157.596 GC heap before
{Heap before GC invocations=4777 (full 8):
 PSYoungGen      total 2560K, used 2112K [0x00000000eab00000, 0x00000000eae80000, 0x0000000100000000)
  eden space 1536K, 100% used [0x00000000eab00000,0x00000000eac80000,0x00000000eac80000)
  from space 1024K, 56% used [0x00000000ead80000,0x00000000eae10000,0x00000000eae80000)
  to   space 1024K, 0% used [0x00000000eac80000,0x00000000eac80000,0x00000000ead80000)
 ParOldGen       total 531456K, used 531453K [0x00000000c0000000, 0x00000000e0700000, 0x00000000eab00000)
  object space 531456K, 99% used [0x00000000c0000000,0x00000000e06ff5f0,0x00000000e0700000)
 Metaspace       used 86738K, committed 88512K, reserved 1179648K
  class space    used 9843K, committed 10624K, reserved 1048576K
}
Event: 157.598 GC heap after
{Heap after GC invocations=4777 (full 8):
 PSYoungGen      total 2560K, used 640K [0x00000000eab00000, 0x00000000eae80000, 0x0000000100000000)
  eden space 1536K, 0% used [0x00000000eab00000,0x00000000eab00000,0x00000000eac80000)
  from space 1024K, 62% used [0x00000000eac80000,0x00000000ead20000,0x00000000ead80000)
  to   space 1024K, 0% used [0x00000000ead80000,0x00000000ead80000,0x00000000eae80000)
 ParOldGen       total 531968K, used 531773K [0x00000000c0000000, 0x00000000e0780000, 0x00000000eab00000)
  object space 531968K, 99% used [0x00000000c0000000,0x00000000e074f5f0,0x00000000e0780000)
 Metaspace       used 86738K, committed 88512K, reserved 1179648K
  class space    used 9843K, committed 10624K, reserved 1048576K
}
Event: 157.668 GC heap before
{Heap before GC invocations=4778 (full 8):
 PSYoungGen      total 2560K, used 2176K [0x00000000eab00000, 0x00000000eae80000, 0x0000000100000000)
  eden space 1536K, 100% used [0x00000000eab00000,0x00000000eac80000,0x00000000eac80000)
  from space 1024K, 62% used [0x00000000eac80000,0x00000000ead20000,0x00000000ead80000)
  to   space 1024K, 0% used [0x00000000ead80000,0x00000000ead80000,0x00000000eae80000)
 ParOldGen       total 531968K, used 531773K [0x00000000c0000000, 0x00000000e0780000, 0x00000000eab00000)
  object space 531968K, 99% used [0x00000000c0000000,0x00000000e074f5f0,0x00000000e0780000)
 Metaspace       used 86738K, committed 88512K, reserved 1179648K
  class space    used 9843K, committed 10624K, reserved 1048576K
}
Event: 157.670 GC heap after
{Heap after GC invocations=4778 (full 8):
 PSYoungGen      total 2560K, used 560K [0x00000000eab00000, 0x00000000eae80000, 0x0000000100000000)
  eden space 1536K, 0% used [0x00000000eab00000,0x00000000eab00000,0x00000000eac80000)
  from space 1024K, 54% used [0x00000000ead80000,0x00000000eae0c120,0x00000000eae80000)
  to   space 1024K, 0% used [0x00000000eac80000,0x00000000eac80000,0x00000000ead80000)
 ParOldGen       total 532480K, used 532149K [0x00000000c0000000, 0x00000000e0800000, 0x00000000eab00000)
  object space 532480K, 99% used [0x00000000c0000000,0x00000000e07ad610,0x00000000e0800000)
 Metaspace       used 86738K, committed 88512K, reserved 1179648K
  class space    used 9843K, committed 10624K, reserved 1048576K
}
Event: 157.685 GC heap before
{Heap before GC invocations=4779 (full 8):
 PSYoungGen      total 2560K, used 2096K [0x00000000eab00000, 0x00000000eae80000, 0x0000000100000000)
  eden space 1536K, 100% used [0x00000000eab00000,0x00000000eac80000,0x00000000eac80000)
  from space 1024K, 54% used [0x00000000ead80000,0x00000000eae0c120,0x00000000eae80000)
  to   space 1024K, 0% used [0x00000000eac80000,0x00000000eac80000,0x00000000ead80000)
 ParOldGen       total 532480K, used 532149K [0x00000000c0000000, 0x00000000e0800000, 0x00000000eab00000)
  object space 532480K, 99% used [0x00000000c0000000,0x00000000e07ad610,0x00000000e0800000)
 Metaspace       used 86738K, committed 88512K, reserved 1179648K
  class space    used 9843K, committed 10624K, reserved 1048576K
}
Event: 157.687 GC heap after
{Heap after GC invocations=4779 (full 8):
 PSYoungGen      total 2560K, used 576K [0x00000000eab00000, 0x00000000eae80000, 0x0000000100000000)
  eden space 1536K, 0% used [0x00000000eab00000,0x00000000eab00000,0x00000000eac80000)
  from space 1024K, 56% used [0x00000000eac80000,0x00000000ead10000,0x00000000ead80000)
  to   space 1024K, 0% used [0x00000000ead80000,0x00000000ead80000,0x00000000eae80000)
 ParOldGen       total 532992K, used 532493K [0x00000000c0000000, 0x00000000e0880000, 0x00000000eab00000)
  object space 532992K, 99% used [0x00000000c0000000,0x00000000e0803758,0x00000000e0880000)
 Metaspace       used 86738K, committed 88512K, reserved 1179648K
  class space    used 9843K, committed 10624K, reserved 1048576K
}
Event: 157.733 GC heap before
{Heap before GC invocations=4780 (full 8):
 PSYoungGen      total 2560K, used 2112K [0x00000000eab00000, 0x00000000eae80000, 0x0000000100000000)
  eden space 1536K, 100% used [0x00000000eab00000,0x00000000eac80000,0x00000000eac80000)
  from space 1024K, 56% used [0x00000000eac80000,0x00000000ead10000,0x00000000ead80000)
  to   space 1024K, 0% used [0x00000000ead80000,0x00000000ead80000,0x00000000eae80000)
 ParOldGen       total 532992K, used 532493K [0x00000000c0000000, 0x00000000e0880000, 0x00000000eab00000)
  object space 532992K, 99% used [0x00000000c0000000,0x00000000e0803758,0x00000000e0880000)
 Metaspace       used 86744K, committed 88512K, reserved 1179648K
  class space    used 9843K, committed 10624K, reserved 1048576K
}
Event: 157.735 GC heap after
{Heap after GC invocations=4780 (full 8):
 PSYoungGen      total 2560K, used 608K [0x00000000eab00000, 0x00000000eae80000, 0x0000000100000000)
  eden space 1536K, 0% used [0x00000000eab00000,0x00000000eab00000,0x00000000eac80000)
  from space 1024K, 59% used [0x00000000ead80000,0x00000000eae18000,0x00000000eae80000)
  to   space 1024K, 0% used [0x00000000eac80000,0x00000000eac80000,0x00000000ead80000)
 ParOldGen       total 532992K, used 532877K [0x00000000c0000000, 0x00000000e0880000, 0x00000000eab00000)
  object space 532992K, 99% used [0x00000000c0000000,0x00000000e0863778,0x00000000e0880000)
 Metaspace       used 86744K, committed 88512K, reserved 1179648K
  class space    used 9843K, committed 10624K, reserved 1048576K
}
Event: 157.748 GC heap before
{Heap before GC invocations=4781 (full 8):
 PSYoungGen      total 2560K, used 2144K [0x00000000eab00000, 0x00000000eae80000, 0x0000000100000000)
  eden space 1536K, 100% used [0x00000000eab00000,0x00000000eac80000,0x00000000eac80000)
  from space 1024K, 59% used [0x00000000ead80000,0x00000000eae18000,0x00000000eae80000)
  to   space 1024K, 0% used [0x00000000eac80000,0x00000000eac80000,0x00000000ead80000)
 ParOldGen       total 532992K, used 532877K [0x00000000c0000000, 0x00000000e0880000, 0x00000000eab00000)
  object space 532992K, 99% used [0x00000000c0000000,0x00000000e0863778,0x00000000e0880000)
 Metaspace       used 86754K, committed 88512K, reserved 1179648K
  class space    used 9845K, committed 10624K, reserved 1048576K
}
Event: 157.750 GC heap after
{Heap after GC invocations=4781 (full 8):
 PSYoungGen      total 2560K, used 576K [0x00000000eab00000, 0x00000000eae80000, 0x0000000100000000)
  eden space 1536K, 0% used [0x00000000eab00000,0x00000000eab00000,0x00000000eac80000)
  from space 1024K, 56% used [0x00000000eac80000,0x00000000ead10020,0x00000000ead80000)
  to   space 1024K, 0% used [0x00000000ead80000,0x00000000ead80000,0x00000000eae80000)
 ParOldGen       total 533504K, used 533288K [0x00000000c0000000, 0x00000000e0900000, 0x00000000eab00000)
  object space 533504K, 99% used [0x00000000c0000000,0x00000000e08ca1b8,0x00000000e0900000)
 Metaspace       used 86754K, committed 88512K, reserved 1179648K
  class space    used 9845K, committed 10624K, reserved 1048576K
}
Event: 157.760 GC heap before
{Heap before GC invocations=4782 (full 8):
 PSYoungGen      total 2560K, used 2112K [0x00000000eab00000, 0x00000000eae80000, 0x0000000100000000)
  eden space 1536K, 100% used [0x00000000eab00000,0x00000000eac80000,0x00000000eac80000)
  from space 1024K, 56% used [0x00000000eac80000,0x00000000ead10020,0x00000000ead80000)
  to   space 1024K, 0% used [0x00000000ead80000,0x00000000ead80000,0x00000000eae80000)
 ParOldGen       total 533504K, used 533288K [0x00000000c0000000, 0x00000000e0900000, 0x00000000eab00000)
  object space 533504K, 99% used [0x00000000c0000000,0x00000000e08ca1b8,0x00000000e0900000)
 Metaspace       used 86756K, committed 88512K, reserved 1179648K
  class space    used 9845K, committed 10624K, reserved 1048576K
}
Event: 157.762 GC heap after
{Heap after GC invocations=4782 (full 8):
 PSYoungGen      total 2560K, used 589K [0x00000000eab00000, 0x00000000eae80000, 0x0000000100000000)
  eden space 1536K, 0% used [0x00000000eab00000,0x00000000eab00000,0x00000000eac80000)
  from space 1024K, 57% used [0x00000000ead80000,0x00000000eae135b8,0x00000000eae80000)
  to   space 1024K, 0% used [0x00000000eac80000,0x00000000eac80000,0x00000000ead80000)
 ParOldGen       total 534016K, used 533632K [0x00000000c0000000, 0x00000000e0980000, 0x00000000eab00000)
  object space 534016K, 99% used [0x00000000c0000000,0x00000000e09201d8,0x00000000e0980000)
 Metaspace       used 86756K, committed 88512K, reserved 1179648K
  class space    used 9845K, committed 10624K, reserved 1048576K
}
Event: 157.767 GC heap before
{Heap before GC invocations=4783 (full 8):
 PSYoungGen      total 2560K, used 2125K [0x00000000eab00000, 0x00000000eae80000, 0x0000000100000000)
  eden space 1536K, 100% used [0x00000000eab00000,0x00000000eac80000,0x00000000eac80000)
  from space 1024K, 57% used [0x00000000ead80000,0x00000000eae135b8,0x00000000eae80000)
  to   space 1024K, 0% used [0x00000000eac80000,0x00000000eac80000,0x00000000ead80000)
 ParOldGen       total 534016K, used 533632K [0x00000000c0000000, 0x00000000e0980000, 0x00000000eab00000)
  object space 534016K, 99% used [0x00000000c0000000,0x00000000e09201d8,0x00000000e0980000)
 Metaspace       used 86756K, committed 88512K, reserved 1179648K
  class space    used 9845K, committed 10624K, reserved 1048576K
}
Event: 157.770 GC heap after
{Heap after GC invocations=4783 (full 8):
 PSYoungGen      total 2560K, used 416K [0x00000000eab00000, 0x00000000eae00000, 0x0000000100000000)
  eden space 1536K, 0% used [0x00000000eab00000,0x00000000eab00000,0x00000000eac80000)
  from space 1024K, 40% used [0x00000000eac80000,0x00000000eace8010,0x00000000ead80000)
  to   space 512K, 0% used [0x00000000ead80000,0x00000000ead80000,0x00000000eae00000)
 ParOldGen       total 534528K, used 534038K [0x00000000c0000000, 0x00000000e0a00000, 0x00000000eab00000)
  object space 534528K, 99% used [0x00000000c0000000,0x00000000e0985880,0x00000000e0a00000)
 Metaspace       used 86756K, committed 88512K, reserved 1179648K
  class space    used 9845K, committed 10624K, reserved 1048576K
}
Event: 157.809 GC heap before
{Heap before GC invocations=4784 (full 8):
 PSYoungGen      total 2560K, used 1952K [0x00000000eab00000, 0x00000000eae00000, 0x0000000100000000)
  eden space 1536K, 100% used [0x00000000eab00000,0x00000000eac80000,0x00000000eac80000)
  from space 1024K, 40% used [0x00000000eac80000,0x00000000eace8010,0x00000000ead80000)
  to   space 512K, 0% used [0x00000000ead80000,0x00000000ead80000,0x00000000eae00000)
 ParOldGen       total 534528K, used 534038K [0x00000000c0000000, 0x00000000e0a00000, 0x00000000eab00000)
  object space 534528K, 99% used [0x00000000c0000000,0x00000000e0985880,0x00000000e0a00000)
 Metaspace       used 86756K, committed 88512K, reserved 1179648K
  class space    used 9845K, committed 10624K, reserved 1048576K
}
Event: 157.810 GC heap after
{Heap after GC invocations=4784 (full 8):
 PSYoungGen      total 2048K, used 384K [0x00000000eab00000, 0x00000000eae00000, 0x0000000100000000)
  eden space 1536K, 0% used [0x00000000eab00000,0x00000000eab00000,0x00000000eac80000)
  from space 512K, 75% used [0x00000000ead80000,0x00000000eade0010,0x00000000eae00000)
  to   space 512K, 0% used [0x00000000ead00000,0x00000000ead00000,0x00000000ead80000)
 ParOldGen       total 534528K, used 534094K [0x00000000c0000000, 0x00000000e0a00000, 0x00000000eab00000)
  object space 534528K, 99% used [0x00000000c0000000,0x00000000e0993880,0x00000000e0a00000)
 Metaspace       used 86756K, committed 88512K, reserved 1179648K
  class space    used 9845K, committed 10624K, reserved 1048576K
}
Event: 157.815 GC heap before
{Heap before GC invocations=4785 (full 8):
 PSYoungGen      total 2048K, used 1920K [0x00000000eab00000, 0x00000000eae00000, 0x0000000100000000)
  eden space 1536K, 100% used [0x00000000eab00000,0x00000000eac80000,0x00000000eac80000)
  from space 512K, 75% used [0x00000000ead80000,0x00000000eade0010,0x00000000eae00000)
  to   space 512K, 0% used [0x00000000ead00000,0x00000000ead00000,0x00000000ead80000)
 ParOldGen       total 534528K, used 534094K [0x00000000c0000000, 0x00000000e0a00000, 0x00000000eab00000)
  object space 534528K, 99% used [0x00000000c0000000,0x00000000e0993880,0x00000000e0a00000)
 Metaspace       used 86756K, committed 88512K, reserved 1179648K
  class space    used 9845K, committed 10624K, reserved 1048576K
}
Event: 157.817 GC heap after
{Heap after GC invocations=4785 (full 8):
 PSYoungGen      total 2048K, used 473K [0x00000000eab00000, 0x00000000eae00000, 0x0000000100000000)
  eden space 1536K, 0% used [0x00000000eab00000,0x00000000eab00000,0x00000000eac80000)
  from space 512K, 92% used [0x00000000ead00000,0x00000000ead76728,0x00000000ead80000)
  to   space 512K, 0% used [0x00000000ead80000,0x00000000ead80000,0x00000000eae00000)
 ParOldGen       total 534528K, used 534118K [0x00000000c0000000, 0x00000000e0a00000, 0x00000000eab00000)
  object space 534528K, 99% used [0x00000000c0000000,0x00000000e0999880,0x00000000e0a00000)
 Metaspace       used 86756K, committed 88512K, reserved 1179648K
  class space    used 9845K, committed 10624K, reserved 1048576K
}
Event: 157.823 GC heap before
{Heap before GC invocations=4786 (full 8):
 PSYoungGen      total 2048K, used 2009K [0x00000000eab00000, 0x00000000eae00000, 0x0000000100000000)
  eden space 1536K, 100% used [0x00000000eab00000,0x00000000eac80000,0x00000000eac80000)
  from space 512K, 92% used [0x00000000ead00000,0x00000000ead76728,0x00000000ead80000)
  to   space 512K, 0% used [0x00000000ead80000,0x00000000ead80000,0x00000000eae00000)
 ParOldGen       total 534528K, used 534118K [0x00000000c0000000, 0x00000000e0a00000, 0x00000000eab00000)
  object space 534528K, 99% used [0x00000000c0000000,0x00000000e0999880,0x00000000e0a00000)
 Metaspace       used 86756K, committed 88512K, reserved 1179648K
  class space    used 9845K, committed 10624K, reserved 1048576K
}
Event: 157.825 GC heap after
{Heap after GC invocations=4786 (full 8):
 PSYoungGen      total 2048K, used 505K [0x00000000eab00000, 0x00000000eae80000, 0x0000000100000000)
  eden space 1536K, 0% used [0x00000000eab00000,0x00000000eab00000,0x00000000eac80000)
  from space 512K, 98% used [0x00000000ead80000,0x00000000eadfe718,0x00000000eae00000)
  to   space 1024K, 0% used [0x00000000eac80000,0x00000000eac80000,0x00000000ead80000)
 ParOldGen       total 534528K, used 534247K [0x00000000c0000000, 0x00000000e0a00000, 0x00000000eab00000)
  object space 534528K, 99% used [0x00000000c0000000,0x00000000e09b9f98,0x00000000e0a00000)
 Metaspace       used 86756K, committed 88512K, reserved 1179648K
  class space    used 9845K, committed 10624K, reserved 1048576K
}

